<?xml version="1.0" encoding="UTF-8"?>
<!-- Generated by org.testng.reporters.JUnitReportReporter -->
<testsuite hostname="AS-J9LZFK3-L" failures="0" tests="1" name="LoginTest" time="3.916" errors="0" timestamp="2024-06-18T12:37:58 IST" skipped="0">
  <testcase classname="LoginTest" name="testLogin" time="3.916"/>
  <system-out/>
</testsuite> <!-- LoginTest -->
