<?xml version="1.0" encoding="UTF-8"?>
<!-- Generated by org.testng.reporters.JUnitReportReporter -->
<testsuite hostname="AS-J9LZFK3-L" failures="0" tests="2" name="com.example.tests.LoginTest" time="15.888" errors="0" timestamp="2024-06-19T18:14:23 IST" skipped="0">
  <testcase classname="com.example.tests.LoginTest" name="testLogin" time="5.594"/>
  <system-out/>
  <testcase classname="com.example.tests.LoginTest" name="testHome" time="10.294"/>
  <system-out/>
</testsuite> <!-- com.example.tests.LoginTest -->
