<?xml version="1.0" encoding="UTF-8"?>
<!-- Generated by org.testng.reporters.JUnitReportReporter -->
<testsuite hostname="AS-J9LZFK3-L" failures="0" tests="1" name="com.example.tests.HomeTest" time="17.709" errors="0" timestamp="2024-06-25T20:41:55 IST" skipped="0">
  <testcase classname="com.example.tests.HomeTest" name="testLogin" time="17.709"/>
  <system-out/>
</testsuite> <!-- com.example.tests.HomeTest -->
